<?xml version="1.0" encoding="UTF-8"?>
<!-- Generated by org.testng.reporters.JUnitReportReporter -->
<testsuite hostname="Mahesh" failures="0" tests="1" name="Project1.Test1" time="0.015" errors="0" timestamp="07 Apr 2021 17:04:32 GMT" skipped="0">
  <testcase classname="Project1.Test1" name="disp1" time="0.015"/>
</testsuite> <!-- Project1.Test1 -->
