<?xml version="1.0" encoding="UTF-8"?>
<!-- Generated by org.testng.reporters.JUnitReportReporter -->
<testsuite hostname="Mahesh" failures="0" tests="1" name="Project1.AppTest" time="0.001" errors="0" timestamp="07 Apr 2021 17:04:32 GMT" skipped="0">
  <testcase classname="Project1.AppTest" name="testApp" time="0.001"/>
</testsuite> <!-- Project1.AppTest -->
